==> Environment
Python: /home/infres/zzhu-24/anaconda3/envs/vlm2vec/bin/python
Version: Python 3.10.18

/home/infres/zzhu-24/PRIM/VLM2Vec/experiments/public/exps/train/13Nov_AddTail-Qwen/Qwen2-VL-2B-Instruct
CUDA_VISIBLE_DEVICES=0,1 torchrun --nproc_per_node=2 --master_port=2207 --max_restarts=0 train.py --lora --lora_r 16 --model_name Qwen/Qwen2-VL-2B-Instruct --bf16 --pooling eos --normalize True --temperature 0.02 --dataloader_num_workers 1 --dataset_config /home/infres/zzhu-24/PRIM/VLM2Vec/experiments/public/train/retrieval.yaml --data_basedir /home/infres/zzhu-24/PRIM/VLM2Vec/experiments/public/data/vlm2vec_train/MMEB-train --run_name 13Nov_AddTail-Qwen/Qwen2-VL-2B-Instruct --output_dir /home/infres/zzhu-24/PRIM/VLM2Vec/experiments/public/exps/train/13Nov_AddTail-Qwen/Qwen2-VL-2B-Instruct --grad_cache True --per_device_train_batch_size 16 --gc_q_chunk_size 8 --gc_p_chunk_size 8 --interleave_batch_size 0 --lr_scheduler_type linear --learning_rate 1e-5 --max_steps 6000 --warmup_steps 100 --save_steps 500 --logging_steps 1 --save_safetensors True --remove_unused_columns False --resume_from auto --plus_one_token False --report_to wandb 2>&1 | tee /home/infres/zzhu-24/PRIM/VLM2Vec/experiments/public/exps/train/13Nov_AddTail-Qwen/Qwen2-VL-2B-Instruct/train.log
W1117 11:08:42.066000 133150605866816 torch/distributed/run.py:779] 
W1117 11:08:42.066000 133150605866816 torch/distributed/run.py:779] *****************************************
W1117 11:08:42.066000 133150605866816 torch/distributed/run.py:779] Setting OMP_NUM_THREADS environment variable for each process to be 1 in default, to avoid your system being overloaded, please further tune the variable for optimal performance in your application as needed. 
W1117 11:08:42.066000 133150605866816 torch/distributed/run.py:779] *****************************************
/home/infres/zzhu-24/anaconda3/envs/vlm2vec/lib/python3.10/site-packages/requests/__init__.py:86: RequestsDependencyWarning: Unable to find acceptable character detection dependency (chardet or charset_normalizer).
  warnings.warn(
/home/infres/zzhu-24/anaconda3/envs/vlm2vec/lib/python3.10/site-packages/requests/__init__.py:86: RequestsDependencyWarning: Unable to find acceptable character detection dependency (chardet or charset_normalizer).
  warnings.warn(
/home/infres/zzhu-24/anaconda3/envs/vlm2vec/lib/python3.10/site-packages/timm/models/layers/__init__.py:48: FutureWarning: Importing from timm.models.layers is deprecated, please import via timm.layers
  warnings.warn(f"Importing from {__name__} is deprecated, please import via timm.layers", FutureWarning)
/home/infres/zzhu-24/anaconda3/envs/vlm2vec/lib/python3.10/site-packages/timm/models/layers/__init__.py:48: FutureWarning: Importing from timm.models.layers is deprecated, please import via timm.layers
  warnings.warn(f"Importing from {__name__} is deprecated, please import via timm.layers", FutureWarning)
DropoutAddRMSNorm of flash_attn is not installed!!!
DropoutAddRMSNorm of flash_attn is not installed!!!
/home/infres/zzhu-24/PRIM/VLM2Vec/src/model/baseline_backbone/internvideo2/modeling_internvideo2.py:539: FutureWarning: `torch.cuda.amp.autocast(args...)` is deprecated. Please use `torch.amp.autocast('cuda', args...)` instead.
  @torch.cuda.amp.autocast(enabled=False)
/home/infres/zzhu-24/PRIM/VLM2Vec/src/model/baseline_backbone/internvideo2/modeling_internvideo2.py:539: FutureWarning: `torch.cuda.amp.autocast(args...)` is deprecated. Please use `torch.amp.autocast('cuda', args...)` instead.
  @torch.cuda.amp.autocast(enabled=False)
Distributed init debug info:
RANK: 0
LOCAL_RANK: 0
WORLD_SIZE: 2
MASTER_ADDR: 127.0.0.1
MASTER_PORT: 2207
torch.distributed.is_initialized: True
torch.distributed.get_rank(): 0
torch.distributed.get_world_size(): 2
[2025-11-17 11:08:49,028] INFO [src.utils:10] rank0: init wandb
Distributed init debug info:
RANK: 1
LOCAL_RANK: 1
WORLD_SIZE: 2
MASTER_ADDR: 127.0.0.1
MASTER_PORT: 2207
torch.distributed.is_initialized: True
torch.distributed.get_rank(): 1
torch.distributed.get_world_size(): 2
You are attempting to use Flash Attention 2.0 with a model not initialized on GPU. Make sure to move the model to GPU after initializing it on CPU with `model.to('cuda')`.
wandb: Currently logged in as: zhuzhehua16 (zhuzhehua16-t-l-com-paris) to https://api.wandb.ai. Use `wandb login --relogin` to force relogin
Loading checkpoint shards:   0%|          | 0/2 [00:00<?, ?it/s]Loading checkpoint shards:  50%|â–ˆâ–ˆâ–ˆâ–ˆâ–ˆ     | 1/2 [00:00<00:00,  5.70it/s]Loading checkpoint shards: 100%|â–ˆâ–ˆâ–ˆâ–ˆâ–ˆâ–ˆâ–ˆâ–ˆâ–ˆâ–ˆ| 2/2 [00:00<00:00, 10.96it/s]
wandb: setting up run mwa38q2k
wandb: Tracking run with wandb version 0.22.1
wandb: Run data is saved locally in /home/infres/zzhu-24/PRIM/VLM2Vec/experiments/public/exps/train/13Nov_AddTail-Qwen/Qwen2-VL-2B-Instruct/wandb/run-20251117_110849-mwa38q2k
wandb: Run `wandb offline` to turn off syncing.
wandb: Syncing run 13Nov_AddTail-Qwen/Qwen2-VL-2B-Instruct
wandb: â­ï¸ View project at https://wandb.ai/zhuzhehua16-t-l-com-paris/vlm2vec_train
wandb: ðŸš€ View run at https://wandb.ai/zhuzhehua16-t-l-com-paris/vlm2vec_train/runs/mwa38q2k
[2025-11-17 11:08:50,510] INFO [src.utils:19] Loading backbone [qwen2_vl] from Qwen/Qwen2-VL-2B-Instruct
You are attempting to use Flash Attention 2.0 with a model not initialized on GPU. Make sure to move the model to GPU after initializing it on CPU with `model.to('cuda')`.
Loading checkpoint shards:   0%|          | 0/2 [00:00<?, ?it/s]Loading checkpoint shards:  50%|â–ˆâ–ˆâ–ˆâ–ˆâ–ˆ     | 1/2 [00:00<00:00,  5.72it/s]Loading checkpoint shards: 100%|â–ˆâ–ˆâ–ˆâ–ˆâ–ˆâ–ˆâ–ˆâ–ˆâ–ˆâ–ˆ| 2/2 [00:00<00:00, 10.94it/s]
[2025-11-17 11:08:51,042] INFO [src.utils:19] Loading lora adapter from Qwen2VLForConditionalGeneration(
  (visual): Qwen2VisionTransformerPretrainedModel(
    (patch_embed): PatchEmbed(
      (proj): Conv3d(3, 1280, kernel_size=(2, 14, 14), stride=(2, 14, 14), bias=False)
    )
    (rotary_pos_emb): VisionRotaryEmbedding()
    (blocks): ModuleList(
      (0-31): 32 x Qwen2VLVisionBlock(
        (norm1): LayerNorm((1280,), eps=1e-06, elementwise_affine=True)
        (norm2): LayerNorm((1280,), eps=1e-06, elementwise_affine=True)
        (attn): VisionFlashAttention2(
          (qkv): Linear(in_features=1280, out_features=3840, bias=True)
          (proj): Linear(in_features=1280, out_features=1280, bias=True)
        )
        (mlp): VisionMlp(
          (fc1): Linear(in_features=1280, out_features=5120, bias=True)
          (act): QuickGELUActivation()
          (fc2): Linear(in_features=5120, out_features=1280, bias=True)
        )
      )
    )
    (merger): PatchMerger(
      (ln_q): LayerNorm((1280,), eps=1e-06, elementwise_affine=True)
      (mlp): Sequential(
        (0): Linear(in_features=5120, out_features=5120, bias=True)
        (1): GELU(approximate='none')
        (2): Linear(in_features=5120, out_features=1536, bias=True)
      )
    )
  )
  (model): Qwen2VLModel(
    (embed_tokens): Embedding(151936, 1536)
    (layers): ModuleList(
      (0-27): 28 x Qwen2VLDecoderLayer(
        (self_attn): Qwen2VLFlashAttention2(
          (q_proj): Linear(in_features=1536, out_features=1536, bias=True)
          (k_proj): Linear(in_features=1536, out_features=256, bias=True)
          (v_proj): Linear(in_features=1536, out_features=256, bias=True)
          (o_proj): Linear(in_features=1536, out_features=1536, bias=False)
          (rotary_emb): Qwen2VLRotaryEmbedding()
        )
        (mlp): Qwen2MLP(
          (gate_proj): Linear(in_features=1536, out_features=8960, bias=False)
          (up_proj): Linear(in_features=1536, out_features=8960, bias=False)
          (down_proj): Linear(in_features=8960, out_features=1536, bias=False)
          (act_fn): SiLU()
        )
        (input_layernorm): Qwen2RMSNorm((1536,), eps=1e-06)
        (post_attention_layernorm): Qwen2RMSNorm((1536,), eps=1e-06)
      )
    )
    (norm): Qwen2RMSNorm((1536,), eps=1e-06)
    (rotary_emb): Qwen2VLRotaryEmbedding()
  )
  (lm_head): Linear(in_features=1536, out_features=151936, bias=False)
)
[rank1]: Traceback (most recent call last):
[rank1]:   File "/home/infres/zzhu-24/anaconda3/envs/vlm2vec/lib/python3.10/site-packages/peft/tuners/lora/model.py", line 382, in __getattr__
[rank1]:     return super().__getattr__(name)  # defer to nn.Module's logic
[rank1]:   File "/home/infres/zzhu-24/anaconda3/envs/vlm2vec/lib/python3.10/site-packages/torch/nn/modules/module.py", line 1729, in __getattr__
[rank1]:     raise AttributeError(f"'{type(self).__name__}' object has no attribute '{name}'")
[rank1]: AttributeError: 'LoraModel' object has no attribute 'tail_emb'

[rank1]: During handling of the above exception, another exception occurred:

[rank1]: Traceback (most recent call last):
[rank1]:   File "/home/infres/zzhu-24/PRIM/VLM2Vec/train.py", line 112, in <module>
[rank1]:     main()
[rank1]:   File "/home/infres/zzhu-24/PRIM/VLM2Vec/train.py", line 79, in main
[rank1]:     model = MMEBModel.build(model_args)
[rank1]:   File "/home/infres/zzhu-24/PRIM/VLM2Vec/src/model/model.py", line 231, in build
[rank1]:     lora_model.base_model.tail_emb.requires_grad = True # prevent from being set to False in get_peft_model
[rank1]:   File "/home/infres/zzhu-24/anaconda3/envs/vlm2vec/lib/python3.10/site-packages/peft/tuners/lora/model.py", line 386, in __getattr__
[rank1]:     return getattr(self.model, name)
[rank1]:   File "/home/infres/zzhu-24/anaconda3/envs/vlm2vec/lib/python3.10/site-packages/torch/nn/modules/module.py", line 1729, in __getattr__
[rank1]:     raise AttributeError(f"'{type(self).__name__}' object has no attribute '{name}'")
[rank1]: AttributeError: 'Qwen2VLForConditionalGeneration' object has no attribute 'tail_emb'
W1117 11:08:58.108000 133150605866816 torch/distributed/elastic/multiprocessing/api.py:858] Sending process 1996041 closing signal SIGTERM
E1117 11:08:58.372000 133150605866816 torch/distributed/elastic/multiprocessing/api.py:833] failed (exitcode: 1) local_rank: 1 (pid: 1996042) of binary: /home/infres/zzhu-24/anaconda3/envs/vlm2vec/bin/python3.10
Traceback (most recent call last):
  File "/home/infres/zzhu-24/anaconda3/envs/vlm2vec/bin/torchrun", line 7, in <module>
    sys.exit(main())
  File "/home/infres/zzhu-24/anaconda3/envs/vlm2vec/lib/python3.10/site-packages/torch/distributed/elastic/multiprocessing/errors/__init__.py", line 348, in wrapper
    return f(*args, **kwargs)
  File "/home/infres/zzhu-24/anaconda3/envs/vlm2vec/lib/python3.10/site-packages/torch/distributed/run.py", line 901, in main
    run(args)
  File "/home/infres/zzhu-24/anaconda3/envs/vlm2vec/lib/python3.10/site-packages/torch/distributed/run.py", line 892, in run
    elastic_launch(
  File "/home/infres/zzhu-24/anaconda3/envs/vlm2vec/lib/python3.10/site-packages/torch/distributed/launcher/api.py", line 133, in __call__
    return launch_agent(self._config, self._entrypoint, list(args))
  File "/home/infres/zzhu-24/anaconda3/envs/vlm2vec/lib/python3.10/site-packages/torch/distributed/launcher/api.py", line 264, in launch_agent
    raise ChildFailedError(
torch.distributed.elastic.multiprocessing.errors.ChildFailedError: 
============================================================
train.py FAILED
------------------------------------------------------------
Failures:
  <NO_OTHER_FAILURES>
------------------------------------------------------------
Root Cause (first observed failure):
[0]:
  time      : 2025-11-17_11:08:58
  host      : nodeaudible01.enst.fr
  rank      : 1 (local_rank: 1)
  exitcode  : 1 (pid: 1996042)
  error_file: <N/A>
  traceback : To enable traceback see: https://pytorch.org/docs/stable/elastic/errors.html
============================================================
Job finished at: Mon Nov 17 11:08:58 CET 2025
