==> Environment
Python: /home/infres/zzhu-24/anaconda3/envs/vlm2vec/bin/python
Version: Python 3.10.18

/home/infres/zzhu-24/PRIM/VLM2Vec/experiments/public/exps/train/18Nov-Qwen/Qwen2-VL-2B-Instruct
CUDA_VISIBLE_DEVICES=0,1 torchrun --nproc_per_node=2 --master_port=2207 --max_restarts=0 train.py --lora --lora_r 16 --model_name Qwen/Qwen2-VL-2B-Instruct --bf16 --pooling eos --normalize True --temperature 0.02 --dataloader_num_workers 1 --dataset_config /home/infres/zzhu-24/PRIM/VLM2Vec/experiments/public/train/retrieval.yaml --data_basedir /home/infres/zzhu-24/PRIM/VLM2Vec/experiments/public/data/vlm2vec_train/MMEB-train --run_name 18Nov-Qwen/Qwen2-VL-2B-Instruct --output_dir /home/infres/zzhu-24/PRIM/VLM2Vec/experiments/public/exps/train/18Nov-Qwen/Qwen2-VL-2B-Instruct --grad_cache True --per_device_train_batch_size 16 --gc_q_chunk_size 8 --gc_p_chunk_size 8 --interleave_batch_size 0 --lr_scheduler_type linear --learning_rate 1e-5 --max_steps 6000 --warmup_steps 100 --save_steps 500 --logging_steps 1 --save_safetensors True --remove_unused_columns False --resume_from auto --plus_one_token False --report_to wandb 2>&1 | tee /home/infres/zzhu-24/PRIM/VLM2Vec/experiments/public/exps/train/18Nov-Qwen/Qwen2-VL-2B-Instruct/train.log
W1118 08:04:52.346000 140200910083904 torch/distributed/run.py:779] 
W1118 08:04:52.346000 140200910083904 torch/distributed/run.py:779] *****************************************
W1118 08:04:52.346000 140200910083904 torch/distributed/run.py:779] Setting OMP_NUM_THREADS environment variable for each process to be 1 in default, to avoid your system being overloaded, please further tune the variable for optimal performance in your application as needed. 
W1118 08:04:52.346000 140200910083904 torch/distributed/run.py:779] *****************************************
/home/infres/zzhu-24/anaconda3/envs/vlm2vec/lib/python3.10/site-packages/requests/__init__.py:86: RequestsDependencyWarning: Unable to find acceptable character detection dependency (chardet or charset_normalizer).
  warnings.warn(
/home/infres/zzhu-24/anaconda3/envs/vlm2vec/lib/python3.10/site-packages/requests/__init__.py:86: RequestsDependencyWarning: Unable to find acceptable character detection dependency (chardet or charset_normalizer).
  warnings.warn(
Traceback (most recent call last):
  File "/home/infres/zzhu-24/anaconda3/envs/vlm2vec/lib/python3.10/site-packages/transformers/utils/import_utils.py", line 1967, in _get_module
    return importlib.import_module("." + module_name, self.__name__)
  File "/home/infres/zzhu-24/anaconda3/envs/vlm2vec/lib/python3.10/importlib/__init__.py", line 126, in import_module
    return _bootstrap._gcd_import(name[level:], package, level)
  File "<frozen importlib._bootstrap>", line 1050, in _gcd_import
  File "<frozen importlib._bootstrap>", line 1027, in _find_and_load
  File "<frozen importlib._bootstrap>", line 1006, in _find_and_load_unlocked
  File "<frozen importlib._bootstrap>", line 688, in _load_unlocked
  File "<frozen importlib._bootstrap_external>", line 883, in exec_module
  File "<frozen importlib._bootstrap>", line 241, in _call_with_frames_removed
  File "/home/infres/zzhu-24/PRIM/VLM2Vec/src/model/vlm_backbone/qwen2_vl/modeling_qwen2_vl.py", line 2255, in <module>
    from src.utils.basic_utils import print_rank
ModuleNotFoundError: No module named 'src.utils.basic_utils'; 'src.utils' is not a package

The above exception was the direct cause of the following exception:

Traceback (most recent call last):
  File "/home/infres/zzhu-24/PRIM/VLM2Vec/train.py", line 18, in <module>
    from src.data.collator.train_collator import MultimodalDataCollator
  File "/home/infres/zzhu-24/PRIM/VLM2Vec/src/data/__init__.py", line 1, in <module>
    from src.data.dataset import *
  File "/home/infres/zzhu-24/PRIM/VLM2Vec/src/data/dataset/__init__.py", line 1, in <module>
    from .mmeb_dataset import load_mmeb_dataset
  File "/home/infres/zzhu-24/PRIM/VLM2Vec/src/data/dataset/mmeb_dataset.py", line 11, in <module>
    from src.model.processor import PHI3V, VLM_IMAGE_TOKENS
  File "/home/infres/zzhu-24/PRIM/VLM2Vec/src/model/processor.py", line 16, in <module>
    from src.model.vlm_backbone.qwen2_vl import Qwen2VLForConditionalGeneration, Qwen2VLProcessor, Qwen2VLForConditionalGenerationWithTail
  File "<frozen importlib._bootstrap>", line 1075, in _handle_fromlist
  File "/home/infres/zzhu-24/anaconda3/envs/vlm2vec/lib/python3.10/site-packages/transformers/utils/import_utils.py", line 1955, in __getattr__
    module = self._get_module(self._class_to_module[name])
  File "/home/infres/zzhu-24/anaconda3/envs/vlm2vec/lib/python3.10/site-packages/transformers/utils/import_utils.py", line 1969, in _get_module
    raise RuntimeError(
RuntimeError: Failed to import src.model.vlm_backbone.qwen2_vl.modeling_qwen2_vl because of the following error (look up to see its traceback):
No module named 'src.utils.basic_utils'; 'src.utils' is not a package
Traceback (most recent call last):
  File "/home/infres/zzhu-24/anaconda3/envs/vlm2vec/lib/python3.10/site-packages/transformers/utils/import_utils.py", line 1967, in _get_module
    return importlib.import_module("." + module_name, self.__name__)
  File "/home/infres/zzhu-24/anaconda3/envs/vlm2vec/lib/python3.10/importlib/__init__.py", line 126, in import_module
    return _bootstrap._gcd_import(name[level:], package, level)
  File "<frozen importlib._bootstrap>", line 1050, in _gcd_import
  File "<frozen importlib._bootstrap>", line 1027, in _find_and_load
  File "<frozen importlib._bootstrap>", line 1006, in _find_and_load_unlocked
  File "<frozen importlib._bootstrap>", line 688, in _load_unlocked
  File "<frozen importlib._bootstrap_external>", line 883, in exec_module
  File "<frozen importlib._bootstrap>", line 241, in _call_with_frames_removed
  File "/home/infres/zzhu-24/PRIM/VLM2Vec/src/model/vlm_backbone/qwen2_vl/modeling_qwen2_vl.py", line 2255, in <module>
    from src.utils.basic_utils import print_rank
ModuleNotFoundError: No module named 'src.utils.basic_utils'; 'src.utils' is not a package

The above exception was the direct cause of the following exception:

Traceback (most recent call last):
  File "/home/infres/zzhu-24/PRIM/VLM2Vec/train.py", line 18, in <module>
    from src.data.collator.train_collator import MultimodalDataCollator
  File "/home/infres/zzhu-24/PRIM/VLM2Vec/src/data/__init__.py", line 1, in <module>
    from src.data.dataset import *
  File "/home/infres/zzhu-24/PRIM/VLM2Vec/src/data/dataset/__init__.py", line 1, in <module>
    from .mmeb_dataset import load_mmeb_dataset
  File "/home/infres/zzhu-24/PRIM/VLM2Vec/src/data/dataset/mmeb_dataset.py", line 11, in <module>
    from src.model.processor import PHI3V, VLM_IMAGE_TOKENS
  File "/home/infres/zzhu-24/PRIM/VLM2Vec/src/model/processor.py", line 16, in <module>
    from src.model.vlm_backbone.qwen2_vl import Qwen2VLForConditionalGeneration, Qwen2VLProcessor, Qwen2VLForConditionalGenerationWithTail
  File "<frozen importlib._bootstrap>", line 1075, in _handle_fromlist
  File "/home/infres/zzhu-24/anaconda3/envs/vlm2vec/lib/python3.10/site-packages/transformers/utils/import_utils.py", line 1955, in __getattr__
    module = self._get_module(self._class_to_module[name])
  File "/home/infres/zzhu-24/anaconda3/envs/vlm2vec/lib/python3.10/site-packages/transformers/utils/import_utils.py", line 1969, in _get_module
    raise RuntimeError(
RuntimeError: Failed to import src.model.vlm_backbone.qwen2_vl.modeling_qwen2_vl because of the following error (look up to see its traceback):
No module named 'src.utils.basic_utils'; 'src.utils' is not a package
W1118 08:04:59.670000 140200910083904 torch/distributed/elastic/multiprocessing/api.py:858] Sending process 2758333 closing signal SIGTERM
E1118 08:04:59.784000 140200910083904 torch/distributed/elastic/multiprocessing/api.py:833] failed (exitcode: 1) local_rank: 0 (pid: 2758332) of binary: /home/infres/zzhu-24/anaconda3/envs/vlm2vec/bin/python3.10
Traceback (most recent call last):
  File "/home/infres/zzhu-24/anaconda3/envs/vlm2vec/bin/torchrun", line 7, in <module>
    sys.exit(main())
  File "/home/infres/zzhu-24/anaconda3/envs/vlm2vec/lib/python3.10/site-packages/torch/distributed/elastic/multiprocessing/errors/__init__.py", line 348, in wrapper
    return f(*args, **kwargs)
  File "/home/infres/zzhu-24/anaconda3/envs/vlm2vec/lib/python3.10/site-packages/torch/distributed/run.py", line 901, in main
    run(args)
  File "/home/infres/zzhu-24/anaconda3/envs/vlm2vec/lib/python3.10/site-packages/torch/distributed/run.py", line 892, in run
    elastic_launch(
  File "/home/infres/zzhu-24/anaconda3/envs/vlm2vec/lib/python3.10/site-packages/torch/distributed/launcher/api.py", line 133, in __call__
    return launch_agent(self._config, self._entrypoint, list(args))
  File "/home/infres/zzhu-24/anaconda3/envs/vlm2vec/lib/python3.10/site-packages/torch/distributed/launcher/api.py", line 264, in launch_agent
    raise ChildFailedError(
torch.distributed.elastic.multiprocessing.errors.ChildFailedError: 
============================================================
train.py FAILED
------------------------------------------------------------
Failures:
  <NO_OTHER_FAILURES>
------------------------------------------------------------
Root Cause (first observed failure):
[0]:
  time      : 2025-11-18_08:04:59
  host      : nodeaudible01.enst.fr
  rank      : 0 (local_rank: 0)
  exitcode  : 1 (pid: 2758332)
  error_file: <N/A>
  traceback : To enable traceback see: https://pytorch.org/docs/stable/elastic/errors.html
============================================================
Job finished at: Tue Nov 18 08:04:59 CET 2025
